2025-07-16 21:00:41,779 - INFO - ==================================================
2025-07-16 21:00:41,779 - INFO - KHDA Training Provider Scraper Started
2025-07-16 21:00:41,780 - INFO - Started at: 2025-07-16 21:00:41.780938
2025-07-16 21:00:41,780 - INFO - Log file: logs/scraper_20250716_210041.log
2025-07-16 21:00:41,780 - INFO - ==================================================
2025-07-16 21:00:41,780 - INFO - playwright is already installed.
2025-07-16 21:00:41,781 - INFO - pandas is already installed.
2025-07-16 21:00:41,781 - INFO - tqdm is already installed.
2025-07-16 21:00:41,781 - INFO - Installing Playwright browsers...
2025-07-16 21:01:43,119 - INFO - Setup completed successfully.
2025-07-16 21:01:43,132 - INFO - Starting browser...
2025-07-16 21:01:47,375 - INFO - Navigating to https://web.khda.gov.ae/en/Education-Directory/Training...
2025-07-16 21:01:59,750 - INFO - Waiting for page load...
2025-07-16 21:02:03,111 - INFO - Waiting for content to load...
2025-07-16 21:02:04,085 - INFO - Estimated pagination info: 1 - 4 of 4 items
2025-07-16 21:02:04,086 - INFO - Found 4 training providers
2025-07-16 21:02:04,086 - INFO - Processing page 1
2025-07-16 21:02:06,203 - ERROR - Error during scraping process: 'dict' object has no attribute '_object'
2025-07-16 21:02:06,208 - INFO - ==================================================
2025-07-16 21:02:06,208 - INFO - KHDA Training Provider Scraper Finished
2025-07-16 21:02:06,208 - INFO - Finished at: 2025-07-16 21:02:06.208464
2025-07-16 21:02:06,209 - INFO - Log file: logs/scraper_20250716_210041.log
2025-07-16 21:02:06,209 - INFO - ==================================================
